<?xml version="1.0" encoding="UTF-8"?>
<!-- Generated by org.testng.reporters.JUnitReportReporter -->
<testsuite hostname="ADMINRG-5UKNPIJ" failures="0" tests="1" name="com.testcases.ProcessedToCheckout2" time="40.409" errors="0" timestamp="2023-07-15T22:11:16 BDT" skipped="0">
  <testcase classname="com.testcases.ProcessedToCheckout2" name="againProceedForCheckout" time="40.409"/>
  <system-out/>
</testsuite> <!-- com.testcases.ProcessedToCheckout2 -->
