<?xml version="1.0" encoding="UTF-8"?>
<!-- Generated by org.testng.reporters.JUnitReportReporter -->
<testsuite hostname="ADMINRG-5UKNPIJ" failures="0" tests="1" name="com.testcases.VerifyAddressDetailsAndReviewOrder" time="42.074" errors="0" timestamp="2023-07-15T22:11:16 BDT" skipped="0">
  <testcase classname="com.testcases.VerifyAddressDetailsAndReviewOrder" name="verifyAddress" time="42.074"/>
  <system-out/>
</testsuite> <!-- com.testcases.VerifyAddressDetailsAndReviewOrder -->
