<?xml version="1.0" encoding="UTF-8"?>
<!-- Generated by org.testng.reporters.JUnitReportReporter -->
<testsuite hostname="ADMINRG-5UKNPIJ" failures="0" tests="1" name="com.testcases.WriteCommentInTextBox" time="45.220" errors="0" timestamp="2023-07-15T22:11:16 BDT" skipped="0">
  <testcase classname="com.testcases.WriteCommentInTextBox" name="addComment" time="45.220"/>
  <system-out/>
</testsuite> <!-- com.testcases.WriteCommentInTextBox -->
