<?xml version="1.0" encoding="UTF-8"?>
<!-- Generated by org.testng.reporters.JUnitReportReporter -->
<testsuite hostname="ADMINRG-5UKNPIJ" failures="0" tests="1" name="com.testcases.AddProductToCart" time="26.106" errors="0" timestamp="2023-07-15T22:11:16 BDT" skipped="0">
  <testcase classname="com.testcases.AddProductToCart" name="verifyHomePageVisibility" time="26.106"/>
  <system-out/>
</testsuite> <!-- com.testcases.AddProductToCart -->
